<html>
<body>
<pre>
<h1>µVision Build Log</h1>
<h2>Tool Versions:</h2>
IDE-Version: µVision V5.14.0.0
Copyright (C) 2015 ARM Ltd and ARM Germany GmbH. All rights reserved.
License Information: Yan beyer, SigCraft, LIC=9WSAR-KWK4Q-7RCX3-AK9B0-VZYPV-JTW1M
 
Tool Versions:
Toolchain:       MDK-ARM Standard  Version: 5.14.0.0
Toolchain Path:  D:\Keil_v5\ARM\ARMCC\Bin
C Compiler:      Armcc.exe V5.05 update 1 (build 106)
Assembler:       Armasm.exe V5.05 update 1 (build 106)
Linker/Locator:  ArmLink.exe V5.05 update 1 (build 106)
Library Manager: ArmAr.exe V5.05 update 1 (build 106)
Hex Converter:   FromElf.exe V5.05 update 1 (build 106)
CPU DLL:         SARMCM3.DLL V5.14.0.0
Dialog DLL:      DCM.DLL V1.13.1.0
Target DLL:      STLink\ST-LINKIII-KEIL_SWO.dll V2.0.14.0_KEIL
Dialog DLL:      TCM.DLL V1.14.4.0
 
<h2>Project:</h2>
E:\zfas_project\material\TTPC_project\bsp\arm\cortex-m4\platforms\stm32f407zgt6\project\RVMDK\TTPC_Project.uvprojx
Project File Date:  12/28/2017

<h2>Output:</h2>
Rebuild target 'STM32F407ZG_TTPC'
compiling main.c...
..\..\..\..\..\..\..\virthw\crc.h(25): warning:  #1215-D: #warning directive: "Incompatible CRC bits with AS6003 "
  #warning "Incompatible CRC bits with AS6003 "
..\STARTUP\main.c: 1 warning, 0 errors
compiling stm32f4xx_it.c...
compiling system_stm32f4xx.c...
assembling startup_stm32f40_41xxx.s...
compiling cpu.c...
compiling mem.c...
compiling clock.c...
compiling crc.c...
..\..\..\..\..\..\..\virthw\crc.h(25): warning:  #1215-D: #warning directive: "Incompatible CRC bits with AS6003 "
  #warning "Incompatible CRC bits with AS6003 "
..\HARDWARE\crc.c: 1 warning, 0 errors
compiling led.c...
compiling lsens.c...
compiling usart.c...
compiling xfer.c...
..\HARDWARE\xfer.c(42): warning:  #177-D: variable "Rx_Buff1" was declared but never referenced
      static uint8_t Rx_Buff1[ETH_RX_BUF_SIZE];
..\HARDWARE\xfer.c(44): warning:  #550-D: variable "Tx_Buff1" was set but never used
      static uint8_t Tx_Buff1[ETH_TX_BUF_SIZE];
..\HARDWARE\xfer.c: 2 warnings, 0 errors
compiling medl_data.c...
compiling misc.c...
compiling stm32f4x7_eth.c...
compiling stm32f4xx_adc.c...
compiling stm32f4xx_crc.c...
compiling stm32f4xx_dma.c...
compiling stm32f4xx_usart.c...
compiling stm32f4xx_gpio.c...
compiling stm32f4xx_iwdg.c...
compiling stm32f4xx_rcc.c...
compiling stm32f4xx_syscfg.c...
compiling stm32f4xx_tim.c...
compiling stm32f4xx_fsmc.c...
compiling debug.c...
compiling ttp_assert.c...
compiling ctrl.c...
..\..\..\..\..\..\..\mac\ctrl.c(95): warning:  #1-D: last line of file ends without a newline
  }
..\..\..\..\..\..\..\mac\ctrl.c: 1 warning, 0 errors
compiling msg.c...
..\..\..\..\..\..\..\mac\msg.h(188): error:  #20: identifier "MAC_err_t" is undefined
  MAC_err_t MSG_PushFrame(void);
..\..\..\..\..\..\..\mac\msg.h(189): error:  #20: identifier "MAC_err_t" is undefined
  MAC_err_t MSG_PrepareCSFrame(void);
..\..\..\..\..\..\..\virthw\crc.h(25): warning:  #1215-D: #warning directive: "Incompatible CRC bits with AS6003 "
  #warning "Incompatible CRC bits with AS6003 "
..\..\..\..\..\..\..\mac\msg.c: 1 warning, 2 errors
compiling param.c...
compiling phases_index.c...
..\..\..\..\..\..\..\mac\phases_index.c(25): warning:  #1-D: last line of file ends without a newline
  volatile uint32_t phase_indicator = 0;
..\..\..\..\..\..\..\mac\phases_index.c: 1 warning, 0 errors
compiling prp.c...
..\..\..\..\..\..\..\virthw\crc.h(25): warning:  #1215-D: #warning directive: "Incompatible CRC bits with AS6003 "
  #warning "Incompatible CRC bits with AS6003 "
..\..\..\..\..\..\..\mac\prp.c(96): warning:  #550-D: variable "pRS" was set but never used
      RoundSlotProperty_t *pRS;
..\..\..\..\..\..\..\mac\prp.c: 2 warnings, 0 errors
compiling psp.c...
..\..\..\..\..\..\..\mac\psp.c(230): warning:  #1215-D: #warning directive: "periodic checking for MEDL has not been implemented"
      #warning "periodic checking for MEDL has not been implemented"
..\..\..\..\..\..\..\mac\psp.c(127): warning:  #177-D: function "_check_clique" was declared but never referenced
  static inline uint32_t _check_clique(void)
..\..\..\..\..\..\..\mac\psp.c: 2 warnings, 0 errors
compiling slots.c...
..\..\..\..\..\..\..\mac\slots.c(170): warning:  #1215-D: #warning directive: "Formal verification needed to be performed"
  #warning "Formal verification needed to be performed"
..\..\..\..\..\..\..\mac\slots.c: 1 warning, 0 errors
compiling tp.c...
..\..\..\..\..\..\..\mac\tp.c(48): warning:  #1-D: last line of file ends without a newline
  }
..\..\..\..\..\..\..\mac\tp.c: 1 warning, 0 errors
compiling medl.c...
..\..\..\..\..\..\..\virthw\crc.h(25): warning:  #1215-D: #warning directive: "Incompatible CRC bits with AS6003 "
  #warning "Incompatible CRC bits with AS6003 "
..\..\..\..\..\..\..\medl\medl.c(155): warning:  #177-D: function "__medl_crc32_check" was declared but never referenced
  static uint32_t __medl_crc32_check(void)
..\..\..\..\..\..\..\medl\medl.c: 2 warnings, 0 errors
compiling active.c...
..\..\..\..\..\..\..\protocol\active.c(46): warning:  #1-D: last line of file ends without a newline
  }
..\..\..\..\..\..\..\protocol\active.c: 1 warning, 0 errors
compiling await.c...
compiling cold_start.c...
compiling download.c...
compiling freeze.c...
..\..\..\..\..\..\..\protocol\freeze.c(59): warning:  #1-D: last line of file ends without a newline
  }
..\..\..\..\..\..\..\protocol\freeze.c: 1 warning, 0 errors
compiling init.c...
..\..\..\..\..\..\..\protocol\init.c(96): warning:  #1-D: last line of file ends without a newline
  }
..\..\..\..\..\..\..\protocol\init.c: 1 warning, 0 errors
compiling listen.c...
..\..\..\..\..\..\..\protocol\listen.c(94): warning:  #550-D: variable "pNP" was set but never used
      NodeProperty_t* pNP;
..\..\..\..\..\..\..\protocol\listen.c: 1 warning, 0 errors
compiling passive.c...
..\..\..\..\..\..\..\protocol\passive.c(46): warning:  #1-D: last line of file ends without a newline
  }
..\..\..\..\..\..\..\protocol\passive.c: 1 warning, 0 errors
compiling state_machine_direct.c...
compiling test.c...
compiling ack.c...
..\..\..\..\..\..\..\service\ack.c(293): warning:  #177-D: variable "first_successor_addr" was declared but never referenced
      uint32_t first_successor_addr = PV_GetFSAddr();
..\..\..\..\..\..\..\service\ack.c: 1 warning, 0 errors
compiling clique.c...
compiling core.c...
..\..\..\..\..\..\..\service\core.c(65): warning:  #223-D: function "CPU_RegisterInterruptHandler" declared implicitly
      CPU_RegisterInterruptHandler(__ExternalEventHandler);
..\..\..\..\..\..\..\service\core.c(67): warning:  #1-D: last line of file ends without a newline
  }
..\..\..\..\..\..\..\service\core.c: 2 warnings, 0 errors
compiling integrate.c...
compiling slot_acquirement.c...
..\..\..\..\..\..\..\service\slot_acquirement.c(58): warning:  #1-D: last line of file ends without a newline
  }
..\..\..\..\..\..\..\service\slot_acquirement.c: 1 warning, 0 errors
compiling sync.c...
..\..\..\..\..\..\..\service\sync.c(75): warning:  #1215-D: #warning directive: "some errors happen in the current implementation"
  #warning "some errors happen in the current implementation"
..\..\..\..\..\..\..\service\sync.c(107): warning:  #550-D: variable "theta" was set but never used
        static int32_t theta = 0;
..\..\..\..\..\..\..\service\sync.c(76): warning:  #177-D: function "_alignment_err_accumulated_bugs" was declared but never referenced
  static int32_t _alignment_err_accumulated_bugs(int32_t value)
..\..\..\..\..\..\..\service\sync.c: 3 warnings, 0 errors
".\Objects\TTPC_Project.axf" - 2 Error(s), 27 Warning(s).

<h2>Collection of Component include folders:</h2>
  E:\zfas_project\material\TTPC_project\bsp\arm\cortex-m4\platforms\stm32f407zgt6\project\RVMDK\RTE
  D:\Keil_v5\ARM\PACK\Keil\STM32F4xx_DFP\1.0.8\Device\Include

<h2>Collection of Component Files used:</h2>
Target not created.
</pre>
</body>
</html>
